0 info it worked if it ends with ok
1 verbose cli [ '/usr/local/bin/node', '/usr/local/bin/npm', 'run', 'tsc' ]
2 info using npm@3.8.9
3 info using node@v6.2.0
4 verbose run-script [ 'pretsc', 'tsc', 'posttsc' ]
5 info lifecycle angular2-aula1@1.0.0~pretsc: angular2-aula1@1.0.0
6 silly lifecycle angular2-aula1@1.0.0~pretsc: no script for pretsc, continuing
7 info lifecycle angular2-aula1@1.0.0~tsc: angular2-aula1@1.0.0
8 verbose lifecycle angular2-aula1@1.0.0~tsc: unsafe-perm in lifecycle true
9 verbose lifecycle angular2-aula1@1.0.0~tsc: PATH: /usr/local/lib/node_modules/npm/bin/node-gyp-bin:/Users/maiconwillianribeiro/angular2-aula1/node_modules/.bin:/usr/local/bin:/Users/maiconwillianribeiro/Desenvolvimento/android-ndk-r10e:/Users/maiconwillianribeiro/Desenvolvimento/apache-ant-1.9.5/bin:/Users/maiconwillianribeiro/Library/Android/sdk//tools:/Users/maiconwillianribeiro/Library/Android/sdk//platform-tools:/Users/maiconwillianribeiro/Library/Android/sdk/:/Users/maiconwillianribeiro/Desenvolvimento/cocos2d-x-3.6/templates:/Users/maiconwillianribeiro/Desenvolvimento/cocos2d-x-3.6/tools/cocos2d-console/bin:/Library/Frameworks/Python.framework/Versions/3.4/bin:/usr/local/bin:/usr/bin:/bin:/usr/sbin:/sbin
10 verbose lifecycle angular2-aula1@1.0.0~tsc: CWD: /Users/maiconwillianribeiro/angular2-aula1
11 silly lifecycle angular2-aula1@1.0.0~tsc: Args: [ '-c', 'tsc' ]
12 silly lifecycle angular2-aula1@1.0.0~tsc: Returned: code: 2  signal: null
13 info lifecycle angular2-aula1@1.0.0~tsc: Failed to exec tsc script
14 verbose stack Error: angular2-aula1@1.0.0 tsc: `tsc`
14 verbose stack Exit status 2
14 verbose stack     at EventEmitter.<anonymous> (/usr/local/lib/node_modules/npm/lib/utils/lifecycle.js:245:16)
14 verbose stack     at emitTwo (events.js:106:13)
14 verbose stack     at EventEmitter.emit (events.js:191:7)
14 verbose stack     at ChildProcess.<anonymous> (/usr/local/lib/node_modules/npm/lib/utils/spawn.js:24:14)
14 verbose stack     at emitTwo (events.js:106:13)
14 verbose stack     at ChildProcess.emit (events.js:191:7)
14 verbose stack     at maybeClose (internal/child_process.js:850:16)
14 verbose stack     at Process.ChildProcess._handle.onexit (internal/child_process.js:215:5)
15 verbose pkgid angular2-aula1@1.0.0
16 verbose cwd /Users/maiconwillianribeiro/angular2-aula1/app
17 error Darwin 15.0.0
18 error argv "/usr/local/bin/node" "/usr/local/bin/npm" "run" "tsc"
19 error node v6.2.0
20 error npm  v3.8.9
21 error code ELIFECYCLE
22 error angular2-aula1@1.0.0 tsc: `tsc`
22 error Exit status 2
23 error Failed at the angular2-aula1@1.0.0 tsc script 'tsc'.
23 error Make sure you have the latest version of node.js and npm installed.
23 error If you do, this is most likely a problem with the angular2-aula1 package,
23 error not with npm itself.
23 error Tell the author that this fails on your system:
23 error     tsc
23 error You can get information on how to open an issue for this project with:
23 error     npm bugs angular2-aula1
23 error Or if that isn't available, you can get their info via:
23 error     npm owner ls angular2-aula1
23 error There is likely additional logging output above.
24 verbose exit [ 1, true ]
